<?xml version="1.0" encoding="UTF-8"?>
<coverage generated="1688667150872" clover="3.2.0">
  <project timestamp="1688667150872" name="All files">
    <metrics statements="34" coveredstatements="34" conditionals="39" coveredconditionals="29" methods="3" coveredmethods="3" elements="76" coveredelements="66" complexity="0" loc="34" ncloc="34" packages="1" files="1" classes="1"/>
    <file name="gilded_rose.js" path="/Users/seemavk/Documents/Seema/MS/MSSemester7/Assignment2/OurRepo/GildedRose-Refactoring-Kata/js-jest/src/gilded_rose.js">
      <metrics statements="34" coveredstatements="34" conditionals="39" coveredconditionals="29" methods="3" coveredmethods="3"/>
      <line num="3" count="9" type="stmt"/>
      <line num="4" count="9" type="stmt"/>
      <line num="5" count="9" type="stmt"/>
      <line num="11" count="9" type="stmt"/>
      <line num="14" count="9" type="stmt"/>
      <line num="15" count="9" type="cond" truecount="4" falsecount="0"/>
      <line num="16" count="4" type="cond" truecount="2" falsecount="0"/>
      <line num="17" count="3" type="cond" truecount="1" falsecount="1"/>
      <line num="18" count="3" type="cond" truecount="2" falsecount="0"/>
      <line num="19" count="1" type="cond" truecount="1" falsecount="1"/>
      <line num="20" count="1" type="stmt"/>
      <line num="24" count="2" type="stmt"/>
      <line num="28" count="5" type="cond" truecount="1" falsecount="1"/>
      <line num="29" count="5" type="stmt"/>
      <line num="30" count="5" type="cond" truecount="2" falsecount="0"/>
      <line num="31" count="3" type="cond" truecount="1" falsecount="1"/>
      <line num="32" count="3" type="cond" truecount="1" falsecount="1"/>
      <line num="33" count="3" type="stmt"/>
      <line num="36" count="3" type="cond" truecount="2" falsecount="0"/>
      <line num="37" count="2" type="cond" truecount="1" falsecount="1"/>
      <line num="38" count="2" type="stmt"/>
      <line num="44" count="9" type="cond" truecount="1" falsecount="1"/>
      <line num="45" count="9" type="stmt"/>
      <line num="47" count="9" type="cond" truecount="2" falsecount="0"/>
      <line num="48" count="4" type="cond" truecount="2" falsecount="0"/>
      <line num="49" count="3" type="cond" truecount="2" falsecount="0"/>
      <line num="50" count="2" type="cond" truecount="2" falsecount="0"/>
      <line num="51" count="1" type="cond" truecount="1" falsecount="1"/>
      <line num="52" count="1" type="stmt"/>
      <line num="56" count="1" type="stmt"/>
      <line num="59" count="1" type="cond" truecount="1" falsecount="1"/>
      <line num="60" count="1" type="stmt"/>
      <line num="66" count="9" type="stmt"/>
      <line num="70" count="1" type="stmt"/>
    </file>
  </project>
</coverage>
