{"/Users/seemavk/Documents/Seema/MS/MSSemester7/Assignment2/OurRepo/GildedRose-Refactoring-Kata/js-jest/src/gilded_rose.js": {"path":"/Users/seemavk/Documents/Seema/MS/MSSemester7/Assignment2/OurRepo/GildedRose-Refactoring-Kata/js-jest/src/gilded_rose.js","statementMap":{"0":{"start":{"line":3,"column":4},"end":{"line":3,"column":21}},"1":{"start":{"line":4,"column":4},"end":{"line":4,"column":25}},"2":{"start":{"line":5,"column":4},"end":{"line":5,"column":27}},"3":{"start":{"line":11,"column":4},"end":{"line":11,"column":23}},"4":{"start":{"line":14,"column":4},"end":{"line":64,"column":5}},"5":{"start":{"line":14,"column":17},"end":{"line":14,"column":18}},"6":{"start":{"line":15,"column":6},"end":{"line":43,"column":7}},"7":{"start":{"line":16,"column":8},"end":{"line":26,"column":9}},"8":{"start":{"line":17,"column":10},"end":{"line":25,"column":11}},"9":{"start":{"line":18,"column":12},"end":{"line":24,"column":63}},"10":{"start":{"line":19,"column":14},"end":{"line":21,"column":15}},"11":{"start":{"line":20,"column":14},"end":{"line":20,"column":64}},"12":{"start":{"line":24,"column":12},"end":{"line":24,"column":62}},"13":{"start":{"line":28,"column":8},"end":{"line":42,"column":9}},"14":{"start":{"line":29,"column":10},"end":{"line":29,"column":60}},"15":{"start":{"line":30,"column":10},"end":{"line":41,"column":11}},"16":{"start":{"line":31,"column":12},"end":{"line":35,"column":13}},"17":{"start":{"line":32,"column":14},"end":{"line":34,"column":15}},"18":{"start":{"line":33,"column":16},"end":{"line":33,"column":66}},"19":{"start":{"line":36,"column":12},"end":{"line":40,"column":13}},"20":{"start":{"line":37,"column":14},"end":{"line":39,"column":15}},"21":{"start":{"line":38,"column":16},"end":{"line":38,"column":66}},"22":{"start":{"line":44,"column":6},"end":{"line":46,"column":7}},"23":{"start":{"line":45,"column":8},"end":{"line":45,"column":56}},"24":{"start":{"line":47,"column":6},"end":{"line":63,"column":7}},"25":{"start":{"line":48,"column":8},"end":{"line":62,"column":9}},"26":{"start":{"line":49,"column":10},"end":{"line":57,"column":11}},"27":{"start":{"line":50,"column":12},"end":{"line":54,"column":13}},"28":{"start":{"line":51,"column":14},"end":{"line":53,"column":15}},"29":{"start":{"line":52,"column":16},"end":{"line":52,"column":66}},"30":{"start":{"line":56,"column":12},"end":{"line":56,"column":82}},"31":{"start":{"line":59,"column":10},"end":{"line":61,"column":11}},"32":{"start":{"line":60,"column":12},"end":{"line":60,"column":62}},"33":{"start":{"line":66,"column":4},"end":{"line":66,"column":22}},"34":{"start":{"line":70,"column":0},"end":{"line":73,"column":1}}},"fnMap":{"0":{"name":"(anonymous_0)","decl":{"start":{"line":2,"column":2},"end":{"line":2,"column":3}},"loc":{"start":{"line":2,"column":36},"end":{"line":6,"column":3}},"line":2},"1":{"name":"(anonymous_1)","decl":{"start":{"line":10,"column":2},"end":{"line":10,"column":3}},"loc":{"start":{"line":10,"column":23},"end":{"line":12,"column":3}},"line":10},"2":{"name":"(anonymous_2)","decl":{"start":{"line":13,"column":2},"end":{"line":13,"column":3}},"loc":{"start":{"line":13,"column":18},"end":{"line":67,"column":3}},"line":13}},"branchMap":{"0":{"loc":{"start":{"line":10,"column":14},"end":{"line":10,"column":22}},"type":"default-arg","locations":[{"start":{"line":10,"column":20},"end":{"line":10,"column":22}}],"line":10},"1":{"loc":{"start":{"line":15,"column":6},"end":{"line":43,"column":7}},"type":"if","locations":[{"start":{"line":15,"column":6},"end":{"line":43,"column":7}},{"start":{"line":15,"column":6},"end":{"line":43,"column":7}}],"line":15},"2":{"loc":{"start":{"line":15,"column":10},"end":{"line":15,"column":112}},"type":"binary-expr","locations":[{"start":{"line":15,"column":10},"end":{"line":15,"column":43}},{"start":{"line":15,"column":47},"end":{"line":15,"column":112}}],"line":15},"3":{"loc":{"start":{"line":16,"column":8},"end":{"line":26,"column":9}},"type":"if","locations":[{"start":{"line":16,"column":8},"end":{"line":26,"column":9}},{"start":{"line":16,"column":8},"end":{"line":26,"column":9}}],"line":16},"4":{"loc":{"start":{"line":17,"column":10},"end":{"line":25,"column":11}},"type":"if","locations":[{"start":{"line":17,"column":10},"end":{"line":25,"column":11}},{"start":{"line":17,"column":10},"end":{"line":25,"column":11}}],"line":17},"5":{"loc":{"start":{"line":18,"column":12},"end":{"line":24,"column":63}},"type":"if","locations":[{"start":{"line":18,"column":12},"end":{"line":24,"column":63}},{"start":{"line":18,"column":12},"end":{"line":24,"column":63}}],"line":18},"6":{"loc":{"start":{"line":19,"column":14},"end":{"line":21,"column":15}},"type":"if","locations":[{"start":{"line":19,"column":14},"end":{"line":21,"column":15}},{"start":{"line":19,"column":14},"end":{"line":21,"column":15}}],"line":19},"7":{"loc":{"start":{"line":28,"column":8},"end":{"line":42,"column":9}},"type":"if","locations":[{"start":{"line":28,"column":8},"end":{"line":42,"column":9}},{"start":{"line":28,"column":8},"end":{"line":42,"column":9}}],"line":28},"8":{"loc":{"start":{"line":30,"column":10},"end":{"line":41,"column":11}},"type":"if","locations":[{"start":{"line":30,"column":10},"end":{"line":41,"column":11}},{"start":{"line":30,"column":10},"end":{"line":41,"column":11}}],"line":30},"9":{"loc":{"start":{"line":31,"column":12},"end":{"line":35,"column":13}},"type":"if","locations":[{"start":{"line":31,"column":12},"end":{"line":35,"column":13}},{"start":{"line":31,"column":12},"end":{"line":35,"column":13}}],"line":31},"10":{"loc":{"start":{"line":32,"column":14},"end":{"line":34,"column":15}},"type":"if","locations":[{"start":{"line":32,"column":14},"end":{"line":34,"column":15}},{"start":{"line":32,"column":14},"end":{"line":34,"column":15}}],"line":32},"11":{"loc":{"start":{"line":36,"column":12},"end":{"line":40,"column":13}},"type":"if","locations":[{"start":{"line":36,"column":12},"end":{"line":40,"column":13}},{"start":{"line":36,"column":12},"end":{"line":40,"column":13}}],"line":36},"12":{"loc":{"start":{"line":37,"column":14},"end":{"line":39,"column":15}},"type":"if","locations":[{"start":{"line":37,"column":14},"end":{"line":39,"column":15}},{"start":{"line":37,"column":14},"end":{"line":39,"column":15}}],"line":37},"13":{"loc":{"start":{"line":44,"column":6},"end":{"line":46,"column":7}},"type":"if","locations":[{"start":{"line":44,"column":6},"end":{"line":46,"column":7}},{"start":{"line":44,"column":6},"end":{"line":46,"column":7}}],"line":44},"14":{"loc":{"start":{"line":47,"column":6},"end":{"line":63,"column":7}},"type":"if","locations":[{"start":{"line":47,"column":6},"end":{"line":63,"column":7}},{"start":{"line":47,"column":6},"end":{"line":63,"column":7}}],"line":47},"15":{"loc":{"start":{"line":48,"column":8},"end":{"line":62,"column":9}},"type":"if","locations":[{"start":{"line":48,"column":8},"end":{"line":62,"column":9}},{"start":{"line":48,"column":8},"end":{"line":62,"column":9}}],"line":48},"16":{"loc":{"start":{"line":49,"column":10},"end":{"line":57,"column":11}},"type":"if","locations":[{"start":{"line":49,"column":10},"end":{"line":57,"column":11}},{"start":{"line":49,"column":10},"end":{"line":57,"column":11}}],"line":49},"17":{"loc":{"start":{"line":50,"column":12},"end":{"line":54,"column":13}},"type":"if","locations":[{"start":{"line":50,"column":12},"end":{"line":54,"column":13}},{"start":{"line":50,"column":12},"end":{"line":54,"column":13}}],"line":50},"18":{"loc":{"start":{"line":51,"column":14},"end":{"line":53,"column":15}},"type":"if","locations":[{"start":{"line":51,"column":14},"end":{"line":53,"column":15}},{"start":{"line":51,"column":14},"end":{"line":53,"column":15}}],"line":51},"19":{"loc":{"start":{"line":59,"column":10},"end":{"line":61,"column":11}},"type":"if","locations":[{"start":{"line":59,"column":10},"end":{"line":61,"column":11}},{"start":{"line":59,"column":10},"end":{"line":61,"column":11}}],"line":59}},"s":{"0":9,"1":9,"2":9,"3":9,"4":9,"5":9,"6":9,"7":4,"8":3,"9":3,"10":1,"11":1,"12":2,"13":5,"14":5,"15":5,"16":3,"17":3,"18":3,"19":3,"20":2,"21":2,"22":9,"23":9,"24":9,"25":4,"26":3,"27":2,"28":1,"29":1,"30":1,"31":1,"32":1,"33":9,"34":1},"f":{"0":9,"1":9,"2":9},"b":{"0":[0],"1":[4,5],"2":[9,7],"3":[3,1],"4":[3,0],"5":[1,2],"6":[1,0],"7":[5,0],"8":[3,2],"9":[3,0],"10":[3,0],"11":[2,1],"12":[2,0],"13":[9,0],"14":[4,5],"15":[3,1],"16":[2,1],"17":[1,1],"18":[1,0],"19":[1,0]},"_coverageSchema":"43e27e138ebf9cfc5966b082cf9a028302ed4184","hash":"a203c4a074e6cbf59d4d3f258f3053cd500edecf"}
}
