TN:
SF:/Users/seemavk/Documents/Seema/MS/MSSemester7/Assignment2/OurRepo/GildedRose-Refactoring-Kata/js-jest/src/gilded_rose.js
FN:2,(anonymous_0)
FN:10,(anonymous_1)
FN:13,(anonymous_2)
FNF:3
FNH:3
FNDA:9,(anonymous_0)
FNDA:9,(anonymous_1)
FNDA:9,(anonymous_2)
DA:3,9
DA:4,9
DA:5,9
DA:11,9
DA:14,9
DA:15,9
DA:16,4
DA:17,3
DA:18,3
DA:19,1
DA:20,1
DA:24,2
DA:28,5
DA:29,5
DA:30,5
DA:31,3
DA:32,3
DA:33,3
DA:36,3
DA:37,2
DA:38,2
DA:44,9
DA:45,9
DA:47,9
DA:48,4
DA:49,3
DA:50,2
DA:51,1
DA:52,1
DA:56,1
DA:59,1
DA:60,1
DA:66,9
DA:70,1
LF:34
LH:34
BRDA:10,0,0,0
BRDA:15,1,0,4
BRDA:15,1,1,5
BRDA:15,2,0,9
BRDA:15,2,1,7
BRDA:16,3,0,3
BRDA:16,3,1,1
BRDA:17,4,0,3
BRDA:17,4,1,0
BRDA:18,5,0,1
BRDA:18,5,1,2
BRDA:19,6,0,1
BRDA:19,6,1,0
BRDA:28,7,0,5
BRDA:28,7,1,0
BRDA:30,8,0,3
BRDA:30,8,1,2
BRDA:31,9,0,3
BRDA:31,9,1,0
BRDA:32,10,0,3
BRDA:32,10,1,0
BRDA:36,11,0,2
BRDA:36,11,1,1
BRDA:37,12,0,2
BRDA:37,12,1,0
BRDA:44,13,0,9
BRDA:44,13,1,0
BRDA:47,14,0,4
BRDA:47,14,1,5
BRDA:48,15,0,3
BRDA:48,15,1,1
BRDA:49,16,0,2
BRDA:49,16,1,1
BRDA:50,17,0,1
BRDA:50,17,1,1
BRDA:51,18,0,1
BRDA:51,18,1,0
BRDA:59,19,0,1
BRDA:59,19,1,0
BRF:39
BRH:29
end_of_record
